#
# There is insufficient memory for the Java Runtime Environment to continue.
# Native memory allocation (malloc) failed to allocate 1048576 bytes for AllocateHeap
# Possible reasons:
#   The system is out of physical RAM or swap space
#   The process is running with CompressedOops enabled, and the Java Heap may be blocking the growth of the native heap
# Possible solutions:
#   Reduce memory load on the system
#   Increase physical memory or swap space
#   Check if swap backing store is full
#   Decrease Java heap size (-Xmx/-Xms)
#   Decrease number of Java threads
#   Decrease Java thread stack sizes (-Xss)
#   Set larger code cache with -XX:ReservedCodeCacheSize=
#   JVM is running with Unscaled Compressed Oops mode in which the Java heap is
#     placed in the first 4GB address space. The Java Heap base address is the
#     maximum limit for the native heap growth. Please use -XX:HeapBaseMinAddress
#     to set the Java Heap base and to place the Java Heap above 4GB virtual address.
# This output file may be truncated or incomplete.
#
#  Out of Memory Error (allocation.cpp:44), pid=25708, tid=10208
#
# JRE version:  (18.0.2+9) (build )
# Java VM: Java HotSpot(TM) 64-Bit Server VM (18.0.2+9-61, mixed mode, sharing, tiered, compressed oops, compressed class ptrs, g1 gc, windows-amd64)
# No core dump will be written. Minidumps are not enabled by default on client versions of Windows
#

---------------  S U M M A R Y ------------

Command Line: -Dfile.encoding=UTF-8 -XX:+ShowCodeDetailsInExceptionMessages maccess.Atm_Demo

Host: Intel(R) Pentium(R) Silver N5030 CPU @ 1.10GHz, 4 cores, 7G,  Windows 11 , 64 bit Build 22621 (10.0.22621.1194)
Time: Sun Mar  5 11:42:11 2023 India Standard Time elapsed time: 0.028684 seconds (0d 0h 0m 0s)

---------------  T H R E A D  ---------------

Current thread (0x00000178c144e300):  JavaThread "Unknown thread" [_thread_in_vm, id=10208, stack(0x000000119bf00000,0x000000119c000000)]

Stack: [0x000000119bf00000,0x000000119c000000]
Native frames: (J=compiled Java code, j=interpreted, Vv=VM code, C=native code)
V  [jvm.dll+0x6993ca]
V  [jvm.dll+0x7f481d]
V  [jvm.dll+0x7f612e]
V  [jvm.dll+0x7f67e3]
V  [jvm.dll+0x25cdaf]
V  [jvm.dll+0xb31af]
V  [jvm.dll+0x302aa9]
V  [jvm.dll+0x2fb1a3]
V  [jvm.dll+0x7c3450]
V  [jvm.dll+0x38be61]
V  [jvm.dll+0x7a2073]
V  [jvm.dll+0x40dc3f]
V  [jvm.dll+0x40f611]
C  [jli.dll+0x526b]
C  [ucrtbase.dll+0x29363]
C  [KERNEL32.DLL+0x126bd]
C  [ntdll.dll+0x5dfb8]


---------------  P R O C E S S  ---------------

Threads class SMR info:
_java_thread_list=0x00007fff6384e550, length=0, elements={
}

Java Threads: ( => current thread )

Other Threads:
  0x00000178c14ad520 WorkerThread "GC Thread#0" [stack: 0x000000119c000000,0x000000119c100000] [id=10212]

[error occurred during error reporting (printing all threads), id 0xc0000005, EXCEPTION_ACCESS_VIOLATION (0xc0000005) at pc=0x00007fff63077cd0]

VM state: not at safepoint (not fully initialized)

VM Mutex/Monitor currently owned by a thread:  ([mutex/lock_event])
[0x00000178c144a580] Heap_lock - owner thread: 0x00000178c144e300

Heap address: 0x0000000082c00000, size: 2004 MB, Compressed Oops mode: 32-bit

CDS archive(s) mapped at: [0x0000000000000000-0x0000000000000000-0x0000000000000000), size 0, SharedBaseAddress: 0x0000000800000000, ArchiveRelocationMode: 0.
Narrow klass base: 0x0000000000000000, Narrow klass shift: 0, Narrow klass range: 0x0

GC Precious Log:
 CardTable entry size: 512
 Card Set container configuration: InlinePtr #cards 5 size 8 Array Of Cards #cards 12 size 40 Howl #buckets 4 coarsen threshold 1843 Howl Bitmap #cards 512 size 80 coarsen threshold 460 Card regions per heap region 1 cards per card region 2048

Heap:
 garbage-first heap   total 0K, used 0K [0x0000000082c00000, 0x0000000100000000)
  region size 1024K, 0 young (0K), 0 survivors (0K)

[error occurred during error reporting (printing heap information), id 0xc0000005, EXCEPTION_ACCESS_VIOLATION (0xc0000005) at pc=0x00007fff63461859]

GC Heap History (0 events):
No events

Deoptimization events (0 events):
No events

Classes loaded (0 events):
No events

Classes unloaded (0 events):
No events

Classes redefined (0 events):
No events

Internal exceptions (0 events):
No events

VM Operations (0 events):
No events

Events (1 events):
Event: 0.020 Loaded shared library C:\Program Files\Java\jdk-18.0.2\bin\java.dll


Dynamic libraries:
0x00007ff664700000 - 0x00007ff664710000 	C:\Program Files\Java\jdk-18.0.2\bin\javaw.exe
0x00007fffd9910000 - 0x00007fffd9b24000 	C:\WINDOWS\SYSTEM32\ntdll.dll
0x00007fffd7fa0000 - 0x00007fffd8063000 	C:\WINDOWS\System32\KERNEL32.DLL
0x00007fffd7110000 - 0x00007fffd74ac000 	C:\WINDOWS\System32\KERNELBASE.dll
0x00007fffd6e80000 - 0x00007fffd6f91000 	C:\WINDOWS\System32\ucrtbase.dll
0x00007fff957b0000 - 0x00007fff957ca000 	C:\Program Files\Java\jdk-18.0.2\bin\VCRUNTIME140.dll
0x00007fff95af0000 - 0x00007fff95b08000 	C:\Program Files\Java\jdk-18.0.2\bin\jli.dll
0x00007fffd83d0000 - 0x00007fffd847e000 	C:\WINDOWS\System32\ADVAPI32.dll
0x00007fffd8790000 - 0x00007fffd8837000 	C:\WINDOWS\System32\msvcrt.dll
0x00007fffd88e0000 - 0x00007fffd8984000 	C:\WINDOWS\System32\sechost.dll
0x00007fffd8e90000 - 0x00007fffd8fa5000 	C:\WINDOWS\System32\RPCRT4.dll
0x00007fffd9350000 - 0x00007fffd94fd000 	C:\WINDOWS\System32\USER32.dll
0x00007fffd76f0000 - 0x00007fffd7716000 	C:\WINDOWS\System32\win32u.dll
0x00007fffd8850000 - 0x00007fffd8879000 	C:\WINDOWS\System32\GDI32.dll
0x00007fffc1b60000 - 0x00007fffc1dee000 	C:\WINDOWS\WinSxS\amd64_microsoft.windows.common-controls_6595b64144ccf1df_6.0.22621.608_none_a9444ca7c10bb01d\COMCTL32.dll
0x00007fffd74b0000 - 0x00007fffd75c2000 	C:\WINDOWS\System32\gdi32full.dll
0x00007fffd75d0000 - 0x00007fffd766a000 	C:\WINDOWS\System32\msvcp_win.dll
0x00007fffd0070000 - 0x00007fffd007a000 	C:\WINDOWS\SYSTEM32\VERSION.dll
0x00007fffd8750000 - 0x00007fffd8782000 	C:\WINDOWS\System32\IMM32.DLL
0x00007fffc6330000 - 0x00007fffc633c000 	C:\Program Files\Java\jdk-18.0.2\bin\vcruntime140_1.dll
0x00007fff8a3c0000 - 0x00007fff8a44d000 	C:\Program Files\Java\jdk-18.0.2\bin\msvcp140.dll
0x00007fff62d70000 - 0x00007fff63981000 	C:\Program Files\Java\jdk-18.0.2\bin\server\jvm.dll
0x00007fffd8740000 - 0x00007fffd8748000 	C:\WINDOWS\System32\PSAPI.DLL
0x00007fffbd650000 - 0x00007fffbd659000 	C:\WINDOWS\SYSTEM32\WSOCK32.dll
0x00007fffd0a10000 - 0x00007fffd0a44000 	C:\WINDOWS\SYSTEM32\WINMM.dll
0x00007fffd8350000 - 0x00007fffd83c1000 	C:\WINDOWS\System32\WS2_32.dll
0x00007fffd5da0000 - 0x00007fffd5db8000 	C:\WINDOWS\SYSTEM32\kernel.appcore.dll
0x00007fffc3be0000 - 0x00007fffc3bea000 	C:\Program Files\Java\jdk-18.0.2\bin\jimage.dll
0x00007fffd4900000 - 0x00007fffd4b2e000 	C:\WINDOWS\SYSTEM32\DBGHELP.DLL
0x00007fffd8fc0000 - 0x00007fffd934a000 	C:\WINDOWS\System32\combase.dll
0x00007fffd80c0000 - 0x00007fffd8197000 	C:\WINDOWS\System32\OLEAUT32.dll
0x00007fffce790000 - 0x00007fffce7c2000 	C:\WINDOWS\SYSTEM32\dbgcore.DLL
0x00007fffd7670000 - 0x00007fffd76eb000 	C:\WINDOWS\System32\bcryptPrimitives.dll
0x00007fff95140000 - 0x00007fff95165000 	C:\Program Files\Java\jdk-18.0.2\bin\java.dll

dbghelp: loaded successfully - version: 4.0.5 - missing functions: none
symbol engine: initialized successfully - sym options: 0x614 - pdb path: .;C:\Program Files\Java\jdk-18.0.2\bin;C:\WINDOWS\SYSTEM32;C:\WINDOWS\WinSxS\amd64_microsoft.windows.common-controls_6595b64144ccf1df_6.0.22621.608_none_a9444ca7c10bb01d;C:\Program Files\Java\jdk-18.0.2\bin\server

VM Arguments:
jvm_args: -Dfile.encoding=UTF-8 -XX:+ShowCodeDetailsInExceptionMessages 
java_command: maccess.Atm_Demo
java_class_path (initial): C:\Users\T.manohar\eclipse Java Code\ATM_Project\bin
Launcher Type: SUN_STANDARD

[Global flags]
     intx CICompilerCount                          = 3                                         {product} {ergonomic}
     uint ConcGCThreads                            = 1                                         {product} {ergonomic}
     uint G1ConcRefinementThreads                  = 4                                         {product} {ergonomic}
   size_t G1HeapRegionSize                         = 1048576                                   {product} {ergonomic}
    uintx GCDrainStackTargetSize                   = 64                                        {product} {ergonomic}
   size_t InitialHeapSize                          = 132120576                                 {product} {ergonomic}
   size_t MarkStackSize                            = 4194304                                   {product} {ergonomic}
   size_t MaxHeapSize                              = 2101346304                                {product} {ergonomic}
   size_t MinHeapDeltaBytes                        = 1048576                                   {product} {ergonomic}
   size_t MinHeapSize                              = 8388608                                   {product} {ergonomic}
    uintx NonNMethodCodeHeapSize                   = 5832780                                {pd product} {ergonomic}
    uintx NonProfiledCodeHeapSize                  = 122912730                              {pd product} {ergonomic}
    uintx ProfiledCodeHeapSize                     = 122912730                              {pd product} {ergonomic}
    uintx ReservedCodeCacheSize                    = 251658240                              {pd product} {ergonomic}
     bool SegmentedCodeCache                       = true                                      {product} {ergonomic}
     bool ShowCodeDetailsInExceptionMessages       = true                                   {manageable} {command line}
   size_t SoftMaxHeapSize                          = 2101346304                             {manageable} {ergonomic}
     bool UseCompressedClassPointers               = true                           {product lp64_product} {ergonomic}
     bool UseCompressedOops                        = true                           {product lp64_product} {ergonomic}
     bool UseG1GC                                  = true                                      {product} {ergonomic}
     bool UseLargePagesIndividualAllocation        = false                                  {pd product} {ergonomic}

Logging:
Log output configuration:
 #0: stdout all=warning uptime,level,tags foldmultilines=false
 #1: stderr all=off uptime,level,tags foldmultilines=false

Environment Variables:
PATH=C:\Users\T.manohar\Downloads\WINDOWS.X64_193000_db_home\bin;C:\Program Files\Common Files\Oracle\Java\javapath;C:\Program Files (x86)\Common Files\Oracle\Java\javapath;C:\Program Files (x86)\Java\jdk1.7.0_07\bin;C:\WINDOWS\system32;C:\WINDOWS;C:\WINDOWS\System32\Wbem;C:\WINDOWS\System32\WindowsPowerShell\v1.0\;C:\WINDOWS\System32\OpenSSH\;C:\Program Files (x86)\MySQL\MySQL Server 5.5\bin;C:\Program Files\Java\jdk-18.0.2\bin;C:\Program Files\Microsoft SQL Server\Client SDK\ODBC\170\Tools\Binn\;C:\Program Files (x86)\Microsoft SQL Server\150\Tools\Binn\;C:\Program Files\Microsoft SQL Server\150\Tools\Binn\;C:\Program Files\Microsoft SQL Server\150\DTS\Binn\;C:\Program Files (x86)\Microsoft SQL Server\150\DTS\Binn\;C:\Program Files\Azure Data Studio\bin;C:\Program Files\nodejs\;C:\Users\T.manohar\AppData\Local\Microsoft\WindowsApps;C:\Program Files\Azure Data Studio\bin;C:\Users\T.manohar\AppData\Local\GitHubDesktop\bin;C:\Users\T.manohar\AppData\Roaming\npm
USERNAME=T.manohar
OS=Windows_NT
PROCESSOR_IDENTIFIER=Intel64 Family 6 Model 122 Stepping 8, GenuineIntel



---------------  S Y S T E M  ---------------

OS:
 Windows 11 , 64 bit Build 22621 (10.0.22621.1194)
OS uptime: 16 days 19:30 hours

CPU: total 4 (initial active 4) (4 cores per cpu, 1 threads per core) family 6 model 122 stepping 8 microcode 0x18, cx8, cmov, fxsr, mmx, 3dnowpref, sse, sse2, sse3, ssse3, sse4.1, sse4.2, popcnt, tsc, tscinvbit, aes, erms, clmul, sha, clflush, clflushopt

Memory: 4k page, system-wide physical 8014M (981M free)
TotalPageFile size 21958M (AvailPageFile size 5M)
current process WorkingSet (physical memory assigned to process): 11M, peak: 11M
current process commit charge ("private bytes"): 50M, peak: 51M

vm_info: Java HotSpot(TM) 64-Bit Server VM (18.0.2+9-61) for windows-amd64 JRE (18.0.2+9-61), built on Jun  7 2022 13:09:01 by "mach5one" with MS VC++ 16.8 / 16.9 (VS2019)

END.
